Arguments: 
  /usr/local/lib/nodejs/node-v14.17.6-linux-x64/bin/node /usr/share/yarn/bin/yarn.js

PATH: 
  /tmp/yarn--1631732556630-0.552895964872254:/home/heider/Desktop/Ozone_Prueba/node_modules/.bin:/home/heider/.config/yarn/link/node_modules/.bin:/home/heider/.yarn/bin:/usr/local/lib/nodejs/node-v14.17.6-linux-x64/libexec/lib/node_modules/npm/bin/node-gyp-bin:/usr/local/lib/nodejs/node-v14.17.6-linux-x64/lib/node_modules/npm/bin/node-gyp-bin:/usr/local/lib/nodejs/node-v14.17.6-linux-x64/bin/node_modules/npm/bin/node-gyp-bin:/home/heider/anaconda3/bin:/usr/local/lib/nodejs/node-v14.17.6-linux-x64/bin:/home/heider/anaconda3/bin:/usr/local/sbin:/usr/local/bin:/usr/sbin:/usr/bin:/sbin:/bin:/usr/games:/usr/local/games:/snap/bin

Yarn version: 
  1.22.5

Node version: 
  14.17.6

Platform: 
  linux x64

Trace: 
  Error: getaddrinfo ENOTFOUND registry.yarnpkg.com
      at GetAddrInfoReqWrap.onlookup [as oncomplete] (dns.js:69:26)

npm manifest: 
  {
    "name": "python-converter",
    "version": "1.0.0",
    "description": "python converter model 3d in GLB",
    "main": "converter.js",
    "scripts": {
      "start": "python __init__.py",
      "install-dependencies": "pip install -r requirements.txt && yarn"
    },
    "author": "",
    "license": "ISC",
    "dependencies": {
      "fbx2gltf": "^0.9.7-p1",
      "gltf-pipeline": "^3.0.0",
      "obj2gltf": "^3.1.0"
    }
  }

yarn manifest: 
  No manifest

Lockfile: 
  No lockfile
